Using pre-set license
Built from '2020.3/staging' branch; Version is '2020.3.6f1 (338bb68529b2) revision 3378102'; Using compiler version '192528614'; Build Type 'Release'
OS: 'Windows 10 Pro; OS build 19043.1706; Version 2009; 64bit' Language: 'pl' Physical Memory: 16272 MB
BatchMode: 1, IsHumanControllingUs: 0, StartBugReporterOnCrash: 0, Is64bit: 1, IsPro: 0

 COMMAND LINE ARGUMENTS:
C:\Program Files\Unity\Hub\Editor\2020.3.6f1\Editor\Unity.exe
-adb2
-batchMode
-noUpm
-name
AssetImportWorker1
-projectPath
F:/PacMann/RTSgame/RTS
-logFile
Logs/AssetImportWorker1.log
-srvPort
63266
Successfully changed project path to: F:/PacMann/RTSgame/RTS
F:/PacMann/RTSgame/RTS
Using Asset Import Pipeline V2.
Refreshing native plugins compatible for Editor in 62.84 ms, found 0 plugins.
Preloading 0 native plugins for Editor in 0.00 ms.
Initialize engine version: 2020.3.6f1 (338bb68529b2)
[Subsystems] Discovering subsystems at path C:/Program Files/Unity/Hub/Editor/2020.3.6f1/Editor/Data/Resources/UnitySubsystems
[Subsystems] Discovering subsystems at path F:/PacMann/RTSgame/RTS/Assets
GfxDevice: creating device client; threaded=0
Direct3D:
    Version:  Direct3D 11.0 [level 11.1]
    Renderer: Radeon RX 5500 XT (ID=0x7340)
    Vendor:   
    VRAM:     4055 MB
    Driver:   30.0.14023.3004
Initialize mono
Mono path[0] = 'C:/Program Files/Unity/Hub/Editor/2020.3.6f1/Editor/Data/Managed'
Mono path[1] = 'C:/Program Files/Unity/Hub/Editor/2020.3.6f1/Editor/Data/MonoBleedingEdge/lib/mono/unityjit'
Mono config path = 'C:/Program Files/Unity/Hub/Editor/2020.3.6f1/Editor/Data/MonoBleedingEdge/etc'
Using monoOptions --debugger-agent=transport=dt_socket,embedding=1,server=y,suspend=n,address=127.0.0.1:56644
Begin MonoManager ReloadAssembly
Registering precompiled unity dll's ...
Register platform support module: C:/Program Files/Unity/Hub/Editor/2020.3.6f1/Editor/Data/PlaybackEngines/WindowsStandaloneSupport/UnityEditor.WindowsStandalone.Extensions.dll
Registered in 0.001516 seconds.
Native extension for WindowsStandalone target not found
Refreshing native plugins compatible for Editor in 58.67 ms, found 0 plugins.
Preloading 0 native plugins for Editor in 0.00 ms.
Mono: successfully reloaded assembly
- Completed reload, in  0.932 seconds
Platform modules already initialized, skipping
Registering precompiled user dll's ...
Registered in 0.000930 seconds.
Begin MonoManager ReloadAssembly
Native extension for WindowsStandalone target not found
Refreshing native plugins compatible for Editor in 61.87 ms, found 0 plugins.
Preloading 0 native plugins for Editor in 0.00 ms.
Mono: successfully reloaded assembly
- Completed reload, in  1.101 seconds
Platform modules already initialized, skipping
========================================================================
Worker process is ready to serve import requests
Launched and connected shader compiler UnityShaderCompiler.exe after 0.03 seconds
Refreshing native plugins compatible for Editor in 0.61 ms, found 0 plugins.
Preloading 0 native plugins for Editor in 0.00 ms.
Unloading 3540 Unused Serialized files (Serialized files now loaded: 0)
System memory in use before: 171.8 MB.
System memory in use after: 167.9 MB.

Unloading 45 unused Assets to reduce memory usage. Loaded Objects now: 3966.
Total: 5.107000 ms (FindLiveObjects: 0.373600 ms CreateObjectMapping: 0.204500 ms MarkObjects: 2.071200 ms  DeleteObjects: 2.456700 ms)

========================================================================
Received Import Request.
  path: Assets/Scripts/EnemyGameObj.cs
  artifactKey: Guid(0895b3bdbc0a9fb41bfc5763f6c9d1e8) Importer(815301076,1909f56bfc062723c751e8b465ee728b)
Start importing Assets/Scripts/EnemyGameObj.cs using Guid(0895b3bdbc0a9fb41bfc5763f6c9d1e8) Importer(815301076,1909f56bfc062723c751e8b465ee728b)  -> (artifact id: 'b05334af0e2e8081314ea4a2b535fee2') in 0.025243 seconds
  Import took 0.030583 seconds .

========================================================================
Received Import Request.
  Time since last request: 0.005855 seconds.
  path: Assets/Scripts/EnemyGameObj.cs
  artifactKey: Guid(0895b3bdbc0a9fb41bfc5763f6c9d1e8) Importer(815301076,1909f56bfc062723c751e8b465ee728b)
Start importing Assets/Scripts/EnemyGameObj.cs using Guid(0895b3bdbc0a9fb41bfc5763f6c9d1e8) Importer(815301076,1909f56bfc062723c751e8b465ee728b)  -> (artifact id: 'b05334af0e2e8081314ea4a2b535fee2') in 0.001497 seconds
  Import took 0.006430 seconds .

========================================================================
Received Import Request.
  Time since last request: 9.268872 seconds.
  path: Assets/Scripts/NewBehaviourScript.cs
  artifactKey: Guid(361149281bb9e57448273e68fe84b4b1) Importer(815301076,1909f56bfc062723c751e8b465ee728b)
Start importing Assets/Scripts/NewBehaviourScript.cs using Guid(361149281bb9e57448273e68fe84b4b1) Importer(815301076,1909f56bfc062723c751e8b465ee728b)  -> (artifact id: 'c77099c3d038e0390b7e2bec57ddde7f') in 0.006399 seconds
  Import took 0.011409 seconds .

========================================================================
Received Import Request.
  Time since last request: 0.000326 seconds.
  path: Assets/Scripts/NewBehaviourScript.cs
  artifactKey: Guid(361149281bb9e57448273e68fe84b4b1) Importer(815301076,1909f56bfc062723c751e8b465ee728b)
Start importing Assets/Scripts/NewBehaviourScript.cs using Guid(361149281bb9e57448273e68fe84b4b1) Importer(815301076,1909f56bfc062723c751e8b465ee728b)  -> (artifact id: 'c77099c3d038e0390b7e2bec57ddde7f') in 0.002404 seconds
  Import took 0.007840 seconds .

========================================================================
Received Import Request.
  Time since last request: 11.805011 seconds.
  path: Assets/Scripts/EnemyAI.cs
  artifactKey: Guid(361149281bb9e57448273e68fe84b4b1) Importer(815301076,1909f56bfc062723c751e8b465ee728b)
Start importing Assets/Scripts/EnemyAI.cs using Guid(361149281bb9e57448273e68fe84b4b1) Importer(815301076,1909f56bfc062723c751e8b465ee728b)  -> (artifact id: 'dec226b7826dd23aef0d530a826cf7ec') in 0.004471 seconds
  Import took 0.009657 seconds .

========================================================================
Received Prepare
Registering precompiled user dll's ...
Registered in 0.000968 seconds.
Begin MonoManager ReloadAssembly
Native extension for WindowsStandalone target not found
Refreshing native plugins compatible for Editor in 0.70 ms, found 0 plugins.
Preloading 0 native plugins for Editor in 0.00 ms.
Mono: successfully reloaded assembly
- Completed reload, in  0.912 seconds
Platform modules already initialized, skipping
Refreshing native plugins compatible for Editor in 1.19 ms, found 0 plugins.
Preloading 0 native plugins for Editor in 0.00 ms.
Unloading 3295 Unused Serialized files (Serialized files now loaded: 0)
System memory in use before: 160.5 MB.
System memory in use after: 156.7 MB.

Unloading 40 unused Assets to reduce memory usage. Loaded Objects now: 3969.
Total: 5.943200 ms (FindLiveObjects: 0.604800 ms CreateObjectMapping: 0.261600 ms MarkObjects: 2.484600 ms  DeleteObjects: 2.590600 ms)

========================================================================
Received Prepare
Registering precompiled user dll's ...
Registered in 0.001001 seconds.
Begin MonoManager ReloadAssembly
Native extension for WindowsStandalone target not found
Refreshing native plugins compatible for Editor in 0.65 ms, found 0 plugins.
Preloading 0 native plugins for Editor in 0.00 ms.
Mono: successfully reloaded assembly
- Completed reload, in  0.898 seconds
Platform modules already initialized, skipping
Refreshing native plugins compatible for Editor in 0.59 ms, found 0 plugins.
Preloading 0 native plugins for Editor in 0.00 ms.
Unloading 3295 Unused Serialized files (Serialized files now loaded: 0)
System memory in use before: 160.6 MB.
System memory in use after: 156.8 MB.

Unloading 40 unused Assets to reduce memory usage. Loaded Objects now: 3972.
Total: 5.107600 ms (FindLiveObjects: 0.389000 ms CreateObjectMapping: 0.183600 ms MarkObjects: 1.876500 ms  DeleteObjects: 2.656900 ms)

========================================================================
Received Import Request.
  Time since last request: 730.602972 seconds.
  path: Assets/Scripts/EnemyAI.cs
  artifactKey: Guid(361149281bb9e57448273e68fe84b4b1) Importer(815301076,1909f56bfc062723c751e8b465ee728b)
Start importing Assets/Scripts/EnemyAI.cs using Guid(361149281bb9e57448273e68fe84b4b1) Importer(815301076,1909f56bfc062723c751e8b465ee728b)  -> (artifact id: '8196bf8d5a3acfac62d9be4a83852d7c') in 0.004793 seconds
  Import took 0.009646 seconds .

========================================================================
Received Import Request.
  Time since last request: 2.897040 seconds.
  path: ProjectSettings/TagManager.asset
  artifactKey: Guid(00000000000000003000000000000000) Importer(815301076,1909f56bfc062723c751e8b465ee728b)
Start importing ProjectSettings/TagManager.asset using Guid(00000000000000003000000000000000) Importer(815301076,1909f56bfc062723c751e8b465ee728b)  -> (artifact id: '8691753650868b75caf5f18abbe30844') in 0.012392 seconds
  Import took 0.017153 seconds .

========================================================================
Received Import Request.
  Time since last request: 113.014753 seconds.
  path: Assets/Scripts/UnitKnockback.cs
  artifactKey: Guid(8b95f7b95f807d144bee481212df1993) Importer(815301076,1909f56bfc062723c751e8b465ee728b)
Start importing Assets/Scripts/UnitKnockback.cs using Guid(8b95f7b95f807d144bee481212df1993) Importer(815301076,1909f56bfc062723c751e8b465ee728b)  -> (artifact id: 'd208ed5d23c06be9b61ef1dd3e77125a') in 0.001927 seconds
  Import took 0.006562 seconds .

========================================================================
Received Import Request.
  Time since last request: 0.000682 seconds.
  path: Assets/Scripts/UnitKnockback.cs
  artifactKey: Guid(8b95f7b95f807d144bee481212df1993) Importer(815301076,1909f56bfc062723c751e8b465ee728b)
Start importing Assets/Scripts/UnitKnockback.cs using Guid(8b95f7b95f807d144bee481212df1993) Importer(815301076,1909f56bfc062723c751e8b465ee728b)  -> (artifact id: 'd208ed5d23c06be9b61ef1dd3e77125a') in 0.001731 seconds
  Import took 0.006532 seconds .

========================================================================
Received Prepare
Registering precompiled user dll's ...
Registered in 0.001086 seconds.
Begin MonoManager ReloadAssembly
Native extension for WindowsStandalone target not found
Refreshing native plugins compatible for Editor in 0.58 ms, found 0 plugins.
Preloading 0 native plugins for Editor in 0.00 ms.
Mono: successfully reloaded assembly
- Completed reload, in  0.930 seconds
Platform modules already initialized, skipping
Refreshing native plugins compatible for Editor in 0.57 ms, found 0 plugins.
Preloading 0 native plugins for Editor in 0.00 ms.
Unloading 3295 Unused Serialized files (Serialized files now loaded: 0)
System memory in use before: 160.6 MB.
System memory in use after: 156.8 MB.

Unloading 41 unused Assets to reduce memory usage. Loaded Objects now: 3975.
Total: 5.153900 ms (FindLiveObjects: 0.354000 ms CreateObjectMapping: 0.156000 ms MarkObjects: 1.939300 ms  DeleteObjects: 2.703400 ms)

========================================================================
Received Import Request.
  Time since last request: 33.381370 seconds.
  path: Assets/Scripts/UnitKnockback.cs
  artifactKey: Guid(8b95f7b95f807d144bee481212df1993) Importer(815301076,1909f56bfc062723c751e8b465ee728b)
Start importing Assets/Scripts/UnitKnockback.cs using Guid(8b95f7b95f807d144bee481212df1993) Importer(815301076,1909f56bfc062723c751e8b465ee728b)  -> (artifact id: '93849fb19b8bebeb2df020911ceadc9a') in 0.004779 seconds
  Import took 0.009185 seconds .

========================================================================
Received Prepare
Registering precompiled user dll's ...
Registered in 0.001422 seconds.
Begin MonoManager ReloadAssembly
Native extension for WindowsStandalone target not found
Refreshing native plugins compatible for Editor in 0.58 ms, found 0 plugins.
Preloading 0 native plugins for Editor in 0.00 ms.
Mono: successfully reloaded assembly
- Completed reload, in  0.907 seconds
Platform modules already initialized, skipping
Refreshing native plugins compatible for Editor in 0.61 ms, found 0 plugins.
Preloading 0 native plugins for Editor in 0.00 ms.
Unloading 3295 Unused Serialized files (Serialized files now loaded: 0)
System memory in use before: 160.7 MB.
System memory in use after: 156.9 MB.

Unloading 40 unused Assets to reduce memory usage. Loaded Objects now: 3978.
Total: 5.509700 ms (FindLiveObjects: 0.537900 ms CreateObjectMapping: 0.223200 ms MarkObjects: 1.868400 ms  DeleteObjects: 2.878800 ms)

========================================================================
Received Prepare
Registering precompiled user dll's ...
Registered in 0.001047 seconds.
Begin MonoManager ReloadAssembly
Native extension for WindowsStandalone target not found
Refreshing native plugins compatible for Editor in 0.60 ms, found 0 plugins.
Preloading 0 native plugins for Editor in 0.00 ms.
Mono: successfully reloaded assembly
- Completed reload, in  0.893 seconds
Platform modules already initialized, skipping
Refreshing native plugins compatible for Editor in 0.58 ms, found 0 plugins.
Preloading 0 native plugins for Editor in 0.00 ms.
Unloading 3295 Unused Serialized files (Serialized files now loaded: 0)
System memory in use before: 160.7 MB.
System memory in use after: 156.9 MB.

Unloading 40 unused Assets to reduce memory usage. Loaded Objects now: 3981.
Total: 5.110800 ms (FindLiveObjects: 0.443200 ms CreateObjectMapping: 0.170500 ms MarkObjects: 1.842900 ms  DeleteObjects: 2.653200 ms)

========================================================================
Received Prepare
Registering precompiled user dll's ...
Registered in 0.001150 seconds.
Begin MonoManager ReloadAssembly
Native extension for WindowsStandalone target not found
Refreshing native plugins compatible for Editor in 0.65 ms, found 0 plugins.
Preloading 0 native plugins for Editor in 0.00 ms.
Mono: successfully reloaded assembly
- Completed reload, in  0.881 seconds
Platform modules already initialized, skipping
Refreshing native plugins compatible for Editor in 0.67 ms, found 0 plugins.
Preloading 0 native plugins for Editor in 0.00 ms.
Unloading 3295 Unused Serialized files (Serialized files now loaded: 0)
System memory in use before: 160.7 MB.
System memory in use after: 156.9 MB.

Unloading 40 unused Assets to reduce memory usage. Loaded Objects now: 3984.
Total: 5.590100 ms (FindLiveObjects: 0.521100 ms CreateObjectMapping: 0.228400 ms MarkObjects: 2.002400 ms  DeleteObjects: 2.836600 ms)

========================================================================
Received Prepare
Registering precompiled user dll's ...
Registered in 0.001152 seconds.
Begin MonoManager ReloadAssembly
Native extension for WindowsStandalone target not found
Refreshing native plugins compatible for Editor in 0.65 ms, found 0 plugins.
Preloading 0 native plugins for Editor in 0.00 ms.
Mono: successfully reloaded assembly
- Completed reload, in  0.916 seconds
Platform modules already initialized, skipping
Refreshing native plugins compatible for Editor in 0.61 ms, found 0 plugins.
Preloading 0 native plugins for Editor in 0.00 ms.
Unloading 3295 Unused Serialized files (Serialized files now loaded: 0)
System memory in use before: 160.7 MB.
System memory in use after: 156.9 MB.

Unloading 40 unused Assets to reduce memory usage. Loaded Objects now: 3987.
Total: 5.062700 ms (FindLiveObjects: 0.319700 ms CreateObjectMapping: 0.163000 ms MarkObjects: 1.822400 ms  DeleteObjects: 2.756400 ms)

========================================================================
Received Prepare
Registering precompiled user dll's ...
Registered in 0.001025 seconds.
Begin MonoManager ReloadAssembly
Native extension for WindowsStandalone target not found
Refreshing native plugins compatible for Editor in 0.59 ms, found 0 plugins.
Preloading 0 native plugins for Editor in 0.00 ms.
Mono: successfully reloaded assembly
- Completed reload, in  0.888 seconds
Platform modules already initialized, skipping
Refreshing native plugins compatible for Editor in 0.59 ms, found 0 plugins.
Preloading 0 native plugins for Editor in 0.00 ms.
Unloading 3295 Unused Serialized files (Serialized files now loaded: 0)
System memory in use before: 160.7 MB.
System memory in use after: 156.9 MB.

Unloading 40 unused Assets to reduce memory usage. Loaded Objects now: 3990.
Total: 5.287100 ms (FindLiveObjects: 0.381900 ms CreateObjectMapping: 0.167900 ms MarkObjects: 1.883000 ms  DeleteObjects: 2.853100 ms)

========================================================================
Received Prepare
Registering precompiled user dll's ...
Registered in 0.001003 seconds.
Begin MonoManager ReloadAssembly
Native extension for WindowsStandalone target not found
Refreshing native plugins compatible for Editor in 0.58 ms, found 0 plugins.
Preloading 0 native plugins for Editor in 0.00 ms.
Mono: successfully reloaded assembly
- Completed reload, in  0.865 seconds
Platform modules already initialized, skipping
Refreshing native plugins compatible for Editor in 0.60 ms, found 0 plugins.
Preloading 0 native plugins for Editor in 0.00 ms.
Unloading 3295 Unused Serialized files (Serialized files now loaded: 0)
System memory in use before: 160.7 MB.
System memory in use after: 156.9 MB.

Unloading 40 unused Assets to reduce memory usage. Loaded Objects now: 3993.
Total: 5.269200 ms (FindLiveObjects: 0.352700 ms CreateObjectMapping: 0.161700 ms MarkObjects: 1.988500 ms  DeleteObjects: 2.764900 ms)

========================================================================
Received Prepare
Registering precompiled user dll's ...
Registered in 0.001110 seconds.
Begin MonoManager ReloadAssembly
Native extension for WindowsStandalone target not found
Refreshing native plugins compatible for Editor in 0.57 ms, found 0 plugins.
Preloading 0 native plugins for Editor in 0.00 ms.
Mono: successfully reloaded assembly
- Completed reload, in  0.894 seconds
Platform modules already initialized, skipping
Refreshing native plugins compatible for Editor in 0.57 ms, found 0 plugins.
Preloading 0 native plugins for Editor in 0.00 ms.
Unloading 3295 Unused Serialized files (Serialized files now loaded: 0)
System memory in use before: 160.7 MB.
System memory in use after: 156.9 MB.

Unloading 40 unused Assets to reduce memory usage. Loaded Objects now: 3996.
Total: 5.252100 ms (FindLiveObjects: 0.385500 ms CreateObjectMapping: 0.157400 ms MarkObjects: 1.856900 ms  DeleteObjects: 2.850400 ms)

========================================================================
Received Prepare
Registering precompiled user dll's ...
Registered in 0.001044 seconds.
Begin MonoManager ReloadAssembly
Native extension for WindowsStandalone target not found
Refreshing native plugins compatible for Editor in 0.65 ms, found 0 plugins.
Preloading 0 native plugins for Editor in 0.00 ms.
Mono: successfully reloaded assembly
- Completed reload, in  0.894 seconds
Platform modules already initialized, skipping
Refreshing native plugins compatible for Editor in 0.57 ms, found 0 plugins.
Preloading 0 native plugins for Editor in 0.00 ms.
Unloading 3295 Unused Serialized files (Serialized files now loaded: 0)
System memory in use before: 160.7 MB.
System memory in use after: 156.9 MB.

Unloading 40 unused Assets to reduce memory usage. Loaded Objects now: 3999.
Total: 6.381600 ms (FindLiveObjects: 0.530500 ms CreateObjectMapping: 0.229700 ms MarkObjects: 2.757200 ms  DeleteObjects: 2.862800 ms)

AssetImportWorkerClient::OnTransportError - code=2 error=End of file
