Using pre-set license
Built from '2020.3/staging' branch; Version is '2020.3.6f1 (338bb68529b2) revision 3378102'; Using compiler version '192528614'; Build Type 'Release'
OS: 'Windows 10 Pro; OS build 19043.1706; Version 2009; 64bit' Language: 'pl' Physical Memory: 16272 MB
BatchMode: 1, IsHumanControllingUs: 0, StartBugReporterOnCrash: 0, Is64bit: 1, IsPro: 0

 COMMAND LINE ARGUMENTS:
C:\Program Files\Unity\Hub\Editor\2020.3.6f1\Editor\Unity.exe
-adb2
-batchMode
-noUpm
-name
AssetImportWorker0
-projectPath
F:/PacMann/RTSgame/RTS
-logFile
Logs/AssetImportWorker0.log
-srvPort
56861
Successfully changed project path to: F:/PacMann/RTSgame/RTS
F:/PacMann/RTSgame/RTS
Using Asset Import Pipeline V2.
Refreshing native plugins compatible for Editor in 59.97 ms, found 0 plugins.
Preloading 0 native plugins for Editor in 0.00 ms.
Initialize engine version: 2020.3.6f1 (338bb68529b2)
[Subsystems] Discovering subsystems at path C:/Program Files/Unity/Hub/Editor/2020.3.6f1/Editor/Data/Resources/UnitySubsystems
[Subsystems] Discovering subsystems at path F:/PacMann/RTSgame/RTS/Assets
GfxDevice: creating device client; threaded=0
Direct3D:
    Version:  Direct3D 11.0 [level 11.1]
    Renderer: Radeon RX 5500 XT (ID=0x7340)
    Vendor:   
    VRAM:     4055 MB
    Driver:   30.0.14023.3004
Initialize mono
Mono path[0] = 'C:/Program Files/Unity/Hub/Editor/2020.3.6f1/Editor/Data/Managed'
Mono path[1] = 'C:/Program Files/Unity/Hub/Editor/2020.3.6f1/Editor/Data/MonoBleedingEdge/lib/mono/unityjit'
Mono config path = 'C:/Program Files/Unity/Hub/Editor/2020.3.6f1/Editor/Data/MonoBleedingEdge/etc'
Using monoOptions --debugger-agent=transport=dt_socket,embedding=1,server=y,suspend=n,address=127.0.0.1:56620
Begin MonoManager ReloadAssembly
Registering precompiled unity dll's ...
Register platform support module: C:/Program Files/Unity/Hub/Editor/2020.3.6f1/Editor/Data/PlaybackEngines/WindowsStandaloneSupport/UnityEditor.WindowsStandalone.Extensions.dll
Registered in 0.001610 seconds.
Native extension for WindowsStandalone target not found
Refreshing native plugins compatible for Editor in 60.91 ms, found 0 plugins.
Preloading 0 native plugins for Editor in 0.00 ms.
Mono: successfully reloaded assembly
- Completed reload, in  0.926 seconds
Platform modules already initialized, skipping
Registering precompiled user dll's ...
Registered in 0.000983 seconds.
Begin MonoManager ReloadAssembly
Native extension for WindowsStandalone target not found
Refreshing native plugins compatible for Editor in 69.66 ms, found 0 plugins.
Preloading 0 native plugins for Editor in 0.00 ms.
Mono: successfully reloaded assembly
- Completed reload, in  1.046 seconds
Platform modules already initialized, skipping
========================================================================
Worker process is ready to serve import requests
Launched and connected shader compiler UnityShaderCompiler.exe after 0.03 seconds
Refreshing native plugins compatible for Editor in 0.61 ms, found 0 plugins.
Preloading 0 native plugins for Editor in 0.00 ms.
Unloading 3591 Unused Serialized files (Serialized files now loaded: 0)
System memory in use before: 175.4 MB.
System memory in use after: 171.6 MB.

Unloading 45 unused Assets to reduce memory usage. Loaded Objects now: 4021.
Total: 4.984500 ms (FindLiveObjects: 0.352700 ms CreateObjectMapping: 0.172800 ms MarkObjects: 2.012200 ms  DeleteObjects: 2.445400 ms)

========================================================================
Received Import Request.
  path: Assets/Prefab/Untitled.png
  artifactKey: Guid(04b3eabb54c551f4e9e657d06016d57c) Importer(815301076,1909f56bfc062723c751e8b465ee728b)
Start importing Assets/Prefab/Untitled.png using Guid(04b3eabb54c551f4e9e657d06016d57c) Importer(815301076,1909f56bfc062723c751e8b465ee728b)  -> (artifact id: '59e83274d11dba2a2f5a5948666bae0a') in 0.051130 seconds
  Import took 0.056041 seconds .

========================================================================
Received Import Request.
  Time since last request: 0.941768 seconds.
  path: Assets/Prefab/Untitled.png
  artifactKey: Guid(04b3eabb54c551f4e9e657d06016d57c) Importer(815301076,1909f56bfc062723c751e8b465ee728b)
Start importing Assets/Prefab/Untitled.png using Guid(04b3eabb54c551f4e9e657d06016d57c) Importer(815301076,1909f56bfc062723c751e8b465ee728b)  -> (artifact id: '59e83274d11dba2a2f5a5948666bae0a') in 0.006116 seconds
  Import took 0.011470 seconds .

========================================================================
Received Import Request.
  Time since last request: 2.038835 seconds.
  path: Assets/Prefab/Untitled.png
  artifactKey: Guid(04b3eabb54c551f4e9e657d06016d57c) Importer(815301076,1909f56bfc062723c751e8b465ee728b)
Start importing Assets/Prefab/Untitled.png using Guid(04b3eabb54c551f4e9e657d06016d57c) Importer(815301076,1909f56bfc062723c751e8b465ee728b)  -> (artifact id: 'e00aaa51fc027fd99e6e39ecc06e0363') in 0.036152 seconds
  Import took 0.041459 seconds .

========================================================================
Received Import Request.
  Time since last request: 77.863926 seconds.
  path: Assets/Sprites/Untitled.jpeg
  artifactKey: Guid(1eaf703b614f04b4d93cb341e53c39aa) Importer(815301076,1909f56bfc062723c751e8b465ee728b)
Start importing Assets/Sprites/Untitled.jpeg using Guid(1eaf703b614f04b4d93cb341e53c39aa) Importer(815301076,1909f56bfc062723c751e8b465ee728b)  -> (artifact id: '2ef0dd3aad0f7b9156cdd722659d09d3') in 0.008261 seconds
  Import took 0.013986 seconds .

========================================================================
Received Import Request.
  Time since last request: 12.561635 seconds.
  path: Assets/Sprites/Untitled.png
  artifactKey: Guid(2339e343581f0804fbd70708bc72591a) Importer(815301076,1909f56bfc062723c751e8b465ee728b)
Start importing Assets/Sprites/Untitled.png using Guid(2339e343581f0804fbd70708bc72591a) Importer(815301076,1909f56bfc062723c751e8b465ee728b)  -> (artifact id: 'b7ba059f1cda4198b8790687fab45e34') in 0.006423 seconds
  Import took 0.011831 seconds .

========================================================================
Received Import Request.
  Time since last request: 50.980598 seconds.
  path: Assets/Sprites/kifol
  artifactKey: Guid(bd56a7da515fdcc49af044fc7432d73d) Importer(815301076,1909f56bfc062723c751e8b465ee728b)
Start importing Assets/Sprites/kifol using Guid(bd56a7da515fdcc49af044fc7432d73d) Importer(815301076,1909f56bfc062723c751e8b465ee728b)  -> (artifact id: '39a891156e32fa586158d19f12edf3ff') in 0.004951 seconds
  Import took 0.011236 seconds .

========================================================================
Received Import Request.
  Time since last request: 0.002217 seconds.
  path: Assets/Sprites/kifol
  artifactKey: Guid(bd56a7da515fdcc49af044fc7432d73d) Importer(815301076,1909f56bfc062723c751e8b465ee728b)
Start importing Assets/Sprites/kifol using Guid(bd56a7da515fdcc49af044fc7432d73d) Importer(815301076,1909f56bfc062723c751e8b465ee728b)  -> (artifact id: '39a891156e32fa586158d19f12edf3ff') in 0.001725 seconds
  Import took 0.007353 seconds .

========================================================================
Received Import Request.
  Time since last request: 63.054195 seconds.
  path: Assets/Sprites/Untitled.jpeg
  artifactKey: Guid(1eaf703b614f04b4d93cb341e53c39aa) Importer(815301076,1909f56bfc062723c751e8b465ee728b)
Start importing Assets/Sprites/Untitled.jpeg using Guid(1eaf703b614f04b4d93cb341e53c39aa) Importer(815301076,1909f56bfc062723c751e8b465ee728b)  -> (artifact id: 'fded8645a41124f88431e2285ff5f9b6') in 0.008082 seconds
  Import took 0.013425 seconds .

========================================================================
Received Import Request.
  Time since last request: 12.719084 seconds.
  path: Assets/Sprites/Kilof.jpeg
  artifactKey: Guid(1eaf703b614f04b4d93cb341e53c39aa) Importer(815301076,1909f56bfc062723c751e8b465ee728b)
Start importing Assets/Sprites/Kilof.jpeg using Guid(1eaf703b614f04b4d93cb341e53c39aa) Importer(815301076,1909f56bfc062723c751e8b465ee728b)  -> (artifact id: '3228673543b1927973bebe7fd53b145d') in 0.008389 seconds
  Import took 0.013692 seconds .

========================================================================
Received Import Request.
  Time since last request: 5.042483 seconds.
  path: Assets/Sprites/Miner.jpeg
  artifactKey: Guid(1eaf703b614f04b4d93cb341e53c39aa) Importer(815301076,1909f56bfc062723c751e8b465ee728b)
Start importing Assets/Sprites/Miner.jpeg using Guid(1eaf703b614f04b4d93cb341e53c39aa) Importer(815301076,1909f56bfc062723c751e8b465ee728b)  -> (artifact id: '46b4146047a854f7114193d49c8ba5a7') in 0.004870 seconds
  Import took 0.009924 seconds .

========================================================================
Received Import Request.
  Time since last request: 0.002678 seconds.
  path: Assets/Sprites/Miner.jpeg
  artifactKey: Guid(1eaf703b614f04b4d93cb341e53c39aa) Importer(815301076,1909f56bfc062723c751e8b465ee728b)
Start importing Assets/Sprites/Miner.jpeg using Guid(1eaf703b614f04b4d93cb341e53c39aa) Importer(815301076,1909f56bfc062723c751e8b465ee728b)  -> (artifact id: '46b4146047a854f7114193d49c8ba5a7') in 0.005070 seconds
  Import took 0.010240 seconds .

========================================================================
Received Import Request.
  Time since last request: 6.863979 seconds.
  path: Assets/Sprites/Warrior.png
  artifactKey: Guid(2339e343581f0804fbd70708bc72591a) Importer(815301076,1909f56bfc062723c751e8b465ee728b)
Start importing Assets/Sprites/Warrior.png using Guid(2339e343581f0804fbd70708bc72591a) Importer(815301076,1909f56bfc062723c751e8b465ee728b)  -> (artifact id: 'c0af8ac769a71afbd31a6fd1fe457472') in 0.006996 seconds
  Import took 0.012237 seconds .

========================================================================
Received Import Request.
  Time since last request: 0.000456 seconds.
  path: Assets/Sprites/Warrior.png
  artifactKey: Guid(2339e343581f0804fbd70708bc72591a) Importer(815301076,1909f56bfc062723c751e8b465ee728b)
Start importing Assets/Sprites/Warrior.png using Guid(2339e343581f0804fbd70708bc72591a) Importer(815301076,1909f56bfc062723c751e8b465ee728b)  -> (artifact id: 'c0af8ac769a71afbd31a6fd1fe457472') in 0.004028 seconds
  Import took 0.008883 seconds .

========================================================================
Received Prepare
Registering precompiled user dll's ...
Registered in 0.001041 seconds.
Begin MonoManager ReloadAssembly
Native extension for WindowsStandalone target not found
Refreshing native plugins compatible for Editor in 0.59 ms, found 0 plugins.
Preloading 0 native plugins for Editor in 0.00 ms.
Mono: successfully reloaded assembly
- Completed reload, in  0.877 seconds
Platform modules already initialized, skipping
Refreshing native plugins compatible for Editor in 0.63 ms, found 0 plugins.
Preloading 0 native plugins for Editor in 0.00 ms.
Unloading 3333 Unused Serialized files (Serialized files now loaded: 0)
System memory in use before: 166.0 MB.
System memory in use after: 162.2 MB.

Unloading 40 unused Assets to reduce memory usage. Loaded Objects now: 4030.
Total: 5.104600 ms (FindLiveObjects: 0.433500 ms CreateObjectMapping: 0.149800 ms MarkObjects: 2.028800 ms  DeleteObjects: 2.491100 ms)

========================================================================
Received Import Request.
  Time since last request: 323.000663 seconds.
  path: Assets/Sprites/Miner.jpeg
  artifactKey: Guid(1eaf703b614f04b4d93cb341e53c39aa) Importer(815301076,1909f56bfc062723c751e8b465ee728b)
Start importing Assets/Sprites/Miner.jpeg using Guid(1eaf703b614f04b4d93cb341e53c39aa) Importer(815301076,1909f56bfc062723c751e8b465ee728b)  -> (artifact id: '87b191871517d76585543e970d84f74b') in 0.074770 seconds
  Import took 0.080608 seconds .

========================================================================
Received Import Request.
  Time since last request: 4.928330 seconds.
  path: Assets/Sprites/Warrior.png
  artifactKey: Guid(2339e343581f0804fbd70708bc72591a) Importer(815301076,1909f56bfc062723c751e8b465ee728b)
Start importing Assets/Sprites/Warrior.png using Guid(2339e343581f0804fbd70708bc72591a) Importer(815301076,1909f56bfc062723c751e8b465ee728b)  -> (artifact id: '74f388550034fa43d4d4e122261ab6ce') in 0.007256 seconds
  Import took 0.012601 seconds .

========================================================================
Received Import Request.
  Time since last request: 231.208287 seconds.
  path: Assets/NavMeshComponents-master/Assets/Examples/Materials/modify_crosshair.png
  artifactKey: Guid(28d2c2677149d45e290e8fa042b1b80f) Importer(815301076,1909f56bfc062723c751e8b465ee728b)
Start importing Assets/NavMeshComponents-master/Assets/Examples/Materials/modify_crosshair.png using Guid(28d2c2677149d45e290e8fa042b1b80f) Importer(815301076,1909f56bfc062723c751e8b465ee728b)  -> (artifact id: '2426d110c8509b1f67bb8d0e3cf12c90') in 0.052798 seconds
  Import took 0.058181 seconds .

========================================================================
Received Prepare
Registering precompiled user dll's ...
Registered in 0.001010 seconds.
Begin MonoManager ReloadAssembly
Native extension for WindowsStandalone target not found
Refreshing native plugins compatible for Editor in 0.59 ms, found 0 plugins.
Preloading 0 native plugins for Editor in 0.00 ms.
Mono: successfully reloaded assembly
- Completed reload, in  0.864 seconds
Platform modules already initialized, skipping
Refreshing native plugins compatible for Editor in 0.59 ms, found 0 plugins.
Preloading 0 native plugins for Editor in 0.00 ms.
Unloading 3333 Unused Serialized files (Serialized files now loaded: 0)
System memory in use before: 166.0 MB.
System memory in use after: 162.2 MB.

Unloading 40 unused Assets to reduce memory usage. Loaded Objects now: 4034.
Total: 4.875900 ms (FindLiveObjects: 0.341200 ms CreateObjectMapping: 0.164400 ms MarkObjects: 1.772800 ms  DeleteObjects: 2.596400 ms)

========================================================================
Received Prepare
Registering precompiled user dll's ...
Registered in 0.001069 seconds.
Begin MonoManager ReloadAssembly
Native extension for WindowsStandalone target not found
Refreshing native plugins compatible for Editor in 0.57 ms, found 0 plugins.
Preloading 0 native plugins for Editor in 0.00 ms.
Mono: successfully reloaded assembly
- Completed reload, in  0.885 seconds
Platform modules already initialized, skipping
Refreshing native plugins compatible for Editor in 0.66 ms, found 0 plugins.
Preloading 0 native plugins for Editor in 0.00 ms.
Unloading 3333 Unused Serialized files (Serialized files now loaded: 0)
System memory in use before: 166.1 MB.
System memory in use after: 162.3 MB.

Unloading 40 unused Assets to reduce memory usage. Loaded Objects now: 4037.
Total: 4.908700 ms (FindLiveObjects: 0.427900 ms CreateObjectMapping: 0.148500 ms MarkObjects: 1.760700 ms  DeleteObjects: 2.569700 ms)

========================================================================
Received Import Request.
  Time since last request: 594.219132 seconds.
  path: Assets/TextMesh Pro/Examples & Extras/Fonts/Anton.ttf
  artifactKey: Guid(997a43b767814dd0a7642ec9b78cba41) Importer(815301076,1909f56bfc062723c751e8b465ee728b)
Start importing Assets/TextMesh Pro/Examples & Extras/Fonts/Anton.ttf using Guid(997a43b767814dd0a7642ec9b78cba41) Importer(815301076,1909f56bfc062723c751e8b465ee728b) Launched and connected shader compiler UnityShaderCompiler.exe after 0.04 seconds
Launched and connected shader compiler UnityShaderCompiler.exe after 0.03 seconds
Launched and connected shader compiler UnityShaderCompiler.exe after 0.05 seconds
Launched and connected shader compiler UnityShaderCompiler.exe after 0.04 seconds
Launched and connected shader compiler UnityShaderCompiler.exe after 0.03 seconds
Launched and connected shader compiler UnityShaderCompiler.exe after 0.04 seconds
Launched and connected shader compiler UnityShaderCompiler.exe after 0.03 seconds
Launched and connected shader compiler UnityShaderCompiler.exe after 0.03 seconds
Launched and connected shader compiler UnityShaderCompiler.exe after 0.03 seconds
Launched and connected shader compiler UnityShaderCompiler.exe after 0.03 seconds
Launched and connected shader compiler UnityShaderCompiler.exe after 0.03 seconds
 -> (artifact id: '9e7d590db180417a8433b8e8fe27de50') in 1.030071 seconds
  Import took 1.037043 seconds .

========================================================================
Received Import Request.
  Time since last request: 0.000182 seconds.
  path: Assets/TextMesh Pro/Examples & Extras/Resources/Fonts & Materials/Anton SDF.asset
  artifactKey: Guid(8a89fa14b10d46a99122fd4f73fca9a2) Importer(815301076,1909f56bfc062723c751e8b465ee728b)
Start importing Assets/TextMesh Pro/Examples & Extras/Resources/Fonts & Materials/Anton SDF.asset using Guid(8a89fa14b10d46a99122fd4f73fca9a2) Importer(815301076,1909f56bfc062723c751e8b465ee728b)  -> (artifact id: '551b2b056777041deeb9014aa45cc619') in 0.076356 seconds
  Import took 0.081798 seconds .

========================================================================
Received Import Request.
  Time since last request: 0.000144 seconds.
  path: Assets/TextMesh Pro/Examples & Extras/Resources/Fonts & Materials/Anton SDF - Drop Shadow.mat
  artifactKey: Guid(749b9069dc4742c5bfa5c74644049926) Importer(815301076,1909f56bfc062723c751e8b465ee728b)
Start importing Assets/TextMesh Pro/Examples & Extras/Resources/Fonts & Materials/Anton SDF - Drop Shadow.mat using Guid(749b9069dc4742c5bfa5c74644049926) Importer(815301076,1909f56bfc062723c751e8b465ee728b)  -> (artifact id: 'd8599c65751236cc2ea255f12c7fd882') in 0.065630 seconds
  Import took 0.070312 seconds .

========================================================================
Received Import Request.
  Time since last request: 0.000212 seconds.
  path: Assets/TextMesh Pro/Examples & Extras/Resources/Fonts & Materials/Anton SDF - Sunny Days.mat
  artifactKey: Guid(6522f30e342599e4e9dd4cc2cc03c830) Importer(815301076,1909f56bfc062723c751e8b465ee728b)
Start importing Assets/TextMesh Pro/Examples & Extras/Resources/Fonts & Materials/Anton SDF - Sunny Days.mat using Guid(6522f30e342599e4e9dd4cc2cc03c830) Importer(815301076,1909f56bfc062723c751e8b465ee728b)  -> (artifact id: '83983cda23f36ebdfefc8150c0c30a8b') in 0.092267 seconds
  Import took 0.097005 seconds .

========================================================================
Received Import Request.
  Time since last request: 0.000152 seconds.
  path: Assets/TextMesh Pro/Examples & Extras/Resources/Fonts & Materials/Anton SDF - Outline.mat
  artifactKey: Guid(a00013af81304728b2be1f4309ee2433) Importer(815301076,1909f56bfc062723c751e8b465ee728b)
Start importing Assets/TextMesh Pro/Examples & Extras/Resources/Fonts & Materials/Anton SDF - Outline.mat using Guid(a00013af81304728b2be1f4309ee2433) Importer(815301076,1909f56bfc062723c751e8b465ee728b)  -> (artifact id: 'd7961059284489317063cf01a0e90f9d') in 0.054579 seconds
  Import took 0.059409 seconds .

========================================================================
Received Prepare
Registering precompiled user dll's ...
Registered in 0.001083 seconds.
Begin MonoManager ReloadAssembly
Native extension for WindowsStandalone target not found
Refreshing native plugins compatible for Editor in 0.58 ms, found 0 plugins.
Preloading 0 native plugins for Editor in 0.00 ms.
Mono: successfully reloaded assembly
- Completed reload, in  0.994 seconds
Platform modules already initialized, skipping
Refreshing native plugins compatible for Editor in 0.60 ms, found 0 plugins.
Preloading 0 native plugins for Editor in 0.00 ms.
Unloading 3344 Unused Serialized files (Serialized files now loaded: 0)
System memory in use before: 174.0 MB.
System memory in use after: 170.7 MB.

Unloading 34 unused Assets to reduce memory usage. Loaded Objects now: 4211.
Total: 5.214600 ms (FindLiveObjects: 0.356400 ms CreateObjectMapping: 0.164600 ms MarkObjects: 2.225900 ms  DeleteObjects: 2.466600 ms)

========================================================================
Received Prepare
Registering precompiled user dll's ...
Registered in 0.001056 seconds.
Begin MonoManager ReloadAssembly
Native extension for WindowsStandalone target not found
Refreshing native plugins compatible for Editor in 0.61 ms, found 0 plugins.
Preloading 0 native plugins for Editor in 0.00 ms.
Mono: successfully reloaded assembly
- Completed reload, in  0.937 seconds
Platform modules already initialized, skipping
Refreshing native plugins compatible for Editor in 0.59 ms, found 0 plugins.
Preloading 0 native plugins for Editor in 0.00 ms.
Unloading 3327 Unused Serialized files (Serialized files now loaded: 0)
System memory in use before: 173.0 MB.
System memory in use after: 169.7 MB.

Unloading 34 unused Assets to reduce memory usage. Loaded Objects now: 4214.
Total: 5.412200 ms (FindLiveObjects: 0.408900 ms CreateObjectMapping: 0.170700 ms MarkObjects: 2.205100 ms  DeleteObjects: 2.626400 ms)

========================================================================
Received Prepare
Registering precompiled user dll's ...
Registered in 0.001248 seconds.
Begin MonoManager ReloadAssembly
Native extension for WindowsStandalone target not found
Refreshing native plugins compatible for Editor in 0.64 ms, found 0 plugins.
Preloading 0 native plugins for Editor in 0.00 ms.
Mono: successfully reloaded assembly
- Completed reload, in  0.976 seconds
Platform modules already initialized, skipping
Refreshing native plugins compatible for Editor in 0.65 ms, found 0 plugins.
Preloading 0 native plugins for Editor in 0.00 ms.
Unloading 3327 Unused Serialized files (Serialized files now loaded: 0)
System memory in use before: 173.0 MB.
System memory in use after: 169.7 MB.

Unloading 34 unused Assets to reduce memory usage. Loaded Objects now: 4217.
Total: 5.388400 ms (FindLiveObjects: 0.414000 ms CreateObjectMapping: 0.183200 ms MarkObjects: 2.108500 ms  DeleteObjects: 2.681500 ms)

========================================================================
Received Prepare
Registering precompiled user dll's ...
Registered in 0.001110 seconds.
Begin MonoManager ReloadAssembly
Native extension for WindowsStandalone target not found
Refreshing native plugins compatible for Editor in 0.59 ms, found 0 plugins.
Preloading 0 native plugins for Editor in 0.00 ms.
Mono: successfully reloaded assembly
- Completed reload, in  0.892 seconds
Platform modules already initialized, skipping
Refreshing native plugins compatible for Editor in 0.63 ms, found 0 plugins.
Preloading 0 native plugins for Editor in 0.00 ms.
Unloading 3327 Unused Serialized files (Serialized files now loaded: 0)
System memory in use before: 173.0 MB.
System memory in use after: 169.7 MB.

Unloading 34 unused Assets to reduce memory usage. Loaded Objects now: 4220.
Total: 5.459600 ms (FindLiveObjects: 0.353900 ms CreateObjectMapping: 0.150500 ms MarkObjects: 1.935700 ms  DeleteObjects: 3.018100 ms)

========================================================================
Received Prepare
Registering precompiled user dll's ...
Registered in 0.001133 seconds.
Begin MonoManager ReloadAssembly
Native extension for WindowsStandalone target not found
Refreshing native plugins compatible for Editor in 0.58 ms, found 0 plugins.
Preloading 0 native plugins for Editor in 0.00 ms.
Mono: successfully reloaded assembly
- Completed reload, in  0.905 seconds
Platform modules already initialized, skipping
Refreshing native plugins compatible for Editor in 0.59 ms, found 0 plugins.
Preloading 0 native plugins for Editor in 0.00 ms.
Unloading 3327 Unused Serialized files (Serialized files now loaded: 0)
System memory in use before: 173.0 MB.
System memory in use after: 169.7 MB.

Unloading 34 unused Assets to reduce memory usage. Loaded Objects now: 4223.
Total: 4.968400 ms (FindLiveObjects: 0.367300 ms CreateObjectMapping: 0.151300 ms MarkObjects: 1.959700 ms  DeleteObjects: 2.489100 ms)

========================================================================
Received Prepare
Registering precompiled user dll's ...
Registered in 0.001143 seconds.
Begin MonoManager ReloadAssembly
Native extension for WindowsStandalone target not found
Refreshing native plugins compatible for Editor in 0.58 ms, found 0 plugins.
Preloading 0 native plugins for Editor in 0.00 ms.
Mono: successfully reloaded assembly
- Completed reload, in  0.923 seconds
Platform modules already initialized, skipping
Refreshing native plugins compatible for Editor in 0.68 ms, found 0 plugins.
Preloading 0 native plugins for Editor in 0.00 ms.
Unloading 3327 Unused Serialized files (Serialized files now loaded: 0)
System memory in use before: 173.1 MB.
System memory in use after: 169.7 MB.

Unloading 34 unused Assets to reduce memory usage. Loaded Objects now: 4226.
Total: 5.514900 ms (FindLiveObjects: 0.413200 ms CreateObjectMapping: 0.184300 ms MarkObjects: 2.178400 ms  DeleteObjects: 2.738100 ms)

========================================================================
Received Prepare
Registering precompiled user dll's ...
Registered in 0.001073 seconds.
Begin MonoManager ReloadAssembly
Native extension for WindowsStandalone target not found
Refreshing native plugins compatible for Editor in 0.59 ms, found 0 plugins.
Preloading 0 native plugins for Editor in 0.00 ms.
Mono: successfully reloaded assembly
- Completed reload, in  0.919 seconds
Platform modules already initialized, skipping
Refreshing native plugins compatible for Editor in 0.73 ms, found 0 plugins.
Preloading 0 native plugins for Editor in 0.00 ms.
Unloading 3327 Unused Serialized files (Serialized files now loaded: 0)
System memory in use before: 173.1 MB.
System memory in use after: 169.7 MB.

Unloading 34 unused Assets to reduce memory usage. Loaded Objects now: 4229.
Total: 5.038000 ms (FindLiveObjects: 0.436900 ms CreateObjectMapping: 0.161100 ms MarkObjects: 1.916700 ms  DeleteObjects: 2.522200 ms)

========================================================================
Received Prepare
Registering precompiled user dll's ...
Registered in 0.001019 seconds.
Begin MonoManager ReloadAssembly
Native extension for WindowsStandalone target not found
Refreshing native plugins compatible for Editor in 0.58 ms, found 0 plugins.
Preloading 0 native plugins for Editor in 0.00 ms.
Mono: successfully reloaded assembly
- Completed reload, in  0.932 seconds
Platform modules already initialized, skipping
Refreshing native plugins compatible for Editor in 0.60 ms, found 0 plugins.
Preloading 0 native plugins for Editor in 0.00 ms.
Unloading 3327 Unused Serialized files (Serialized files now loaded: 0)
System memory in use before: 173.1 MB.
System memory in use after: 169.7 MB.

Unloading 34 unused Assets to reduce memory usage. Loaded Objects now: 4232.
Total: 5.440300 ms (FindLiveObjects: 0.458500 ms CreateObjectMapping: 0.172900 ms MarkObjects: 2.115200 ms  DeleteObjects: 2.692600 ms)

========================================================================
Received Prepare
Registering precompiled user dll's ...
Registered in 0.001043 seconds.
Begin MonoManager ReloadAssembly
Native extension for WindowsStandalone target not found
Refreshing native plugins compatible for Editor in 0.61 ms, found 0 plugins.
Preloading 0 native plugins for Editor in 0.00 ms.
Mono: successfully reloaded assembly
- Completed reload, in  0.920 seconds
Platform modules already initialized, skipping
Refreshing native plugins compatible for Editor in 0.59 ms, found 0 plugins.
Preloading 0 native plugins for Editor in 0.00 ms.
Unloading 3327 Unused Serialized files (Serialized files now loaded: 0)
System memory in use before: 173.1 MB.
System memory in use after: 169.7 MB.

Unloading 34 unused Assets to reduce memory usage. Loaded Objects now: 4235.
Total: 5.362000 ms (FindLiveObjects: 0.344000 ms CreateObjectMapping: 0.163800 ms MarkObjects: 2.138100 ms  DeleteObjects: 2.715200 ms)

========================================================================
Received Prepare
Registering precompiled user dll's ...
Registered in 0.001084 seconds.
Begin MonoManager ReloadAssembly
Native extension for WindowsStandalone target not found
Refreshing native plugins compatible for Editor in 0.66 ms, found 0 plugins.
Preloading 0 native plugins for Editor in 0.00 ms.
Mono: successfully reloaded assembly
- Completed reload, in  0.923 seconds
Platform modules already initialized, skipping
Refreshing native plugins compatible for Editor in 0.60 ms, found 0 plugins.
Preloading 0 native plugins for Editor in 0.00 ms.
Unloading 3327 Unused Serialized files (Serialized files now loaded: 0)
System memory in use before: 173.1 MB.
System memory in use after: 169.7 MB.

Unloading 34 unused Assets to reduce memory usage. Loaded Objects now: 4238.
Total: 5.124000 ms (FindLiveObjects: 0.380000 ms CreateObjectMapping: 0.185200 ms MarkObjects: 1.934200 ms  DeleteObjects: 2.622100 ms)

========================================================================
Received Prepare
Registering precompiled user dll's ...
Registered in 0.001018 seconds.
Begin MonoManager ReloadAssembly
Native extension for WindowsStandalone target not found
Refreshing native plugins compatible for Editor in 0.58 ms, found 0 plugins.
Preloading 0 native plugins for Editor in 0.00 ms.
Mono: successfully reloaded assembly
- Completed reload, in  0.873 seconds
Platform modules already initialized, skipping
Refreshing native plugins compatible for Editor in 0.59 ms, found 0 plugins.
Preloading 0 native plugins for Editor in 0.00 ms.
Unloading 3327 Unused Serialized files (Serialized files now loaded: 0)
System memory in use before: 173.1 MB.
System memory in use after: 169.8 MB.

Unloading 34 unused Assets to reduce memory usage. Loaded Objects now: 4241.
Total: 6.363300 ms (FindLiveObjects: 0.470600 ms CreateObjectMapping: 0.166900 ms MarkObjects: 2.474100 ms  DeleteObjects: 3.250800 ms)

========================================================================
Received Prepare
Registering precompiled user dll's ...
Registered in 0.001071 seconds.
Begin MonoManager ReloadAssembly
Native extension for WindowsStandalone target not found
Refreshing native plugins compatible for Editor in 0.57 ms, found 0 plugins.
Preloading 0 native plugins for Editor in 0.00 ms.
Mono: successfully reloaded assembly
- Completed reload, in  0.912 seconds
Platform modules already initialized, skipping
Refreshing native plugins compatible for Editor in 0.59 ms, found 0 plugins.
Preloading 0 native plugins for Editor in 0.00 ms.
Unloading 3327 Unused Serialized files (Serialized files now loaded: 0)
System memory in use before: 173.1 MB.
System memory in use after: 169.8 MB.

Unloading 34 unused Assets to reduce memory usage. Loaded Objects now: 4244.
Total: 5.765400 ms (FindLiveObjects: 0.370100 ms CreateObjectMapping: 0.176800 ms MarkObjects: 2.259300 ms  DeleteObjects: 2.958300 ms)

========================================================================
Received Prepare
Registering precompiled user dll's ...
Registered in 0.001060 seconds.
Begin MonoManager ReloadAssembly
Native extension for WindowsStandalone target not found
Refreshing native plugins compatible for Editor in 0.60 ms, found 0 plugins.
Preloading 0 native plugins for Editor in 0.00 ms.
Mono: successfully reloaded assembly
- Completed reload, in  0.890 seconds
Platform modules already initialized, skipping
Refreshing native plugins compatible for Editor in 0.62 ms, found 0 plugins.
Preloading 0 native plugins for Editor in 0.00 ms.
Unloading 3327 Unused Serialized files (Serialized files now loaded: 0)
System memory in use before: 173.1 MB.
System memory in use after: 169.8 MB.

Unloading 34 unused Assets to reduce memory usage. Loaded Objects now: 4247.
Total: 5.413100 ms (FindLiveObjects: 0.372400 ms CreateObjectMapping: 0.151700 ms MarkObjects: 2.067300 ms  DeleteObjects: 2.820700 ms)

AssetImportWorkerClient::OnTransportError - code=2 error=End of file
